2012-07-31 19:14:15,201 - Log4JLogChute initialized using file '/Users/lastcow/workspace/.metadata/.plugins/org.jboss.tools.jst.web.ui/velocity.log'
2012-07-31 19:14:15,201 - Starting Apache Velocity v1.5 (compiled: 2007-02-22 08:52:29)
2012-07-31 19:14:15,201 - Default Properties File: org/apache/velocity/runtime/defaults/velocity.properties
2012-07-31 19:14:15,201 - Trying to use logger class org.apache.velocity.runtime.log.AvalonLogChute
2012-07-31 19:14:15,202 - Couldn't find class org.apache.velocity.runtime.log.AvalonLogChute or necessary supporting classes in classpath.
java.lang.NoClassDefFoundError: org/apache/log/format/Formatter
	at java.lang.Class.forName0(Native Method)
	at java.lang.Class.forName(Class.java:247)
	at org.apache.velocity.util.ClassUtils.getClass(ClassUtils.java:63)
	at org.apache.velocity.util.ClassUtils.getNewInstance(ClassUtils.java:95)
	at org.apache.velocity.runtime.log.LogManager.createLogChute(LogManager.java:147)
	at org.apache.velocity.runtime.log.LogManager.updateLog(LogManager.java:208)
	at org.apache.velocity.runtime.RuntimeInstance.initializeLog(RuntimeInstance.java:728)
	at org.apache.velocity.runtime.RuntimeInstance.init(RuntimeInstance.java:240)
	at org.apache.velocity.runtime.RuntimeInstance.init(RuntimeInstance.java:534)
	at org.apache.velocity.runtime.RuntimeSingleton.init(RuntimeSingleton.java:227)
	at org.apache.velocity.app.Velocity.init(Velocity.java:111)
	at org.jboss.tools.jst.web.ui.operation.TemplatePreprocessor.process(TemplatePreprocessor.java:79)
	at org.jboss.tools.jst.web.ui.operation.TemplatePreprocessor.execute(TemplatePreprocessor.java:58)
	at org.jboss.tools.jst.web.ui.operation.WebNatureOperation.preprocessTemplate(WebNatureOperation.java:614)
	at org.jboss.tools.jsf.ui.operation.JSFProjectCreationOperation.copyTemplate(JSFProjectCreationOperation.java:132)
	at org.jboss.tools.jst.web.ui.operation.WebProjectCreationOperation.preCreateWebNature(WebProjectCreationOperation.java:76)
	at org.jboss.tools.jst.web.ui.operation.WebNatureOperation.run(WebNatureOperation.java:225)
	at org.eclipse.ui.actions.WorkspaceModifyDelegatingOperation.execute(WorkspaceModifyDelegatingOperation.java:69)
	at org.eclipse.ui.actions.WorkspaceModifyOperation$1.run(WorkspaceModifyOperation.java:106)
	at org.eclipse.core.internal.resources.Workspace.run(Workspace.java:2344)
	at org.eclipse.ui.actions.WorkspaceModifyOperation.run(WorkspaceModifyOperation.java:118)
	at org.eclipse.jface.operation.ModalContext.runInCurrentThread(ModalContext.java:464)
	at org.eclipse.jface.operation.ModalContext.run(ModalContext.java:372)
	at org.eclipse.jface.wizard.WizardDialog.run(WizardDialog.java:1029)
	at org.jboss.tools.jst.web.ui.wizards.project.NewWebProjectWizard.performFinish(NewWebProjectWizard.java:66)
	at org.eclipse.jface.wizard.WizardDialog.finishPressed(WizardDialog.java:827)
	at org.eclipse.jface.wizard.WizardDialog.buttonPressed(WizardDialog.java:432)
	at org.eclipse.jface.dialogs.Dialog$2.widgetSelected(Dialog.java:624)
	at org.eclipse.swt.widgets.TypedListener.handleEvent(TypedListener.java:240)
	at org.eclipse.swt.widgets.EventTable.sendEvent(EventTable.java:84)
	at org.eclipse.swt.widgets.Display.sendEvent(Display.java:4128)
	at org.eclipse.swt.widgets.Widget.sendEvent(Widget.java:1457)
	at org.eclipse.swt.widgets.Widget.sendEvent(Widget.java:1480)
	at org.eclipse.swt.widgets.Widget.sendEvent(Widget.java:1465)
	at org.eclipse.swt.widgets.Widget.notifyListeners(Widget.java:1270)
	at org.eclipse.swt.widgets.Display.runDeferredEvents(Display.java:3974)
	at org.eclipse.swt.widgets.Display.readAndDispatch(Display.java:3613)
	at org.eclipse.jface.window.Window.runEventLoop(Window.java:825)
	at org.eclipse.jface.window.Window.open(Window.java:801)
	at org.eclipse.ui.internal.handlers.WizardHandler$New.executeHandler(WizardHandler.java:257)
	at org.eclipse.ui.internal.handlers.WizardHandler.execute(WizardHandler.java:277)
	at org.eclipse.ui.internal.handlers.HandlerProxy.execute(HandlerProxy.java:293)
	at org.eclipse.core.commands.Command.executeWithChecks(Command.java:476)
	at org.eclipse.core.commands.ParameterizedCommand.executeWithChecks(ParameterizedCommand.java:508)
	at org.eclipse.ui.internal.handlers.HandlerService.executeCommand(HandlerService.java:169)
	at org.eclipse.ui.internal.handlers.SlaveHandlerService.executeCommand(SlaveHandlerService.java:241)
	at org.eclipse.ui.internal.actions.CommandAction.runWithEvent(CommandAction.java:157)
	at org.eclipse.jface.action.ActionContributionItem.handleWidgetSelection(ActionContributionItem.java:584)
	at org.eclipse.jface.action.ActionContributionItem.access$2(ActionContributionItem.java:501)
	at org.eclipse.jface.action.ActionContributionItem$5.handleEvent(ActionContributionItem.java:411)
	at org.eclipse.swt.widgets.EventTable.sendEvent(EventTable.java:84)
	at org.eclipse.swt.widgets.Display.sendEvent(Display.java:4128)
	at org.eclipse.swt.widgets.Widget.sendEvent(Widget.java:1457)
	at org.eclipse.swt.widgets.Widget.sendEvent(Widget.java:1480)
	at org.eclipse.swt.widgets.Widget.sendEvent(Widget.java:1465)
	at org.eclipse.swt.widgets.Widget.notifyListeners(Widget.java:1270)
	at org.eclipse.swt.widgets.Display.runDeferredEvents(Display.java:3974)
	at org.eclipse.swt.widgets.Display.readAndDispatch(Display.java:3613)
	at org.eclipse.ui.internal.Workbench.runEventLoop(Workbench.java:2701)
	at org.eclipse.ui.internal.Workbench.runUI(Workbench.java:2665)
	at org.eclipse.ui.internal.Workbench.access$4(Workbench.java:2499)
	at org.eclipse.ui.internal.Workbench$7.run(Workbench.java:679)
	at org.eclipse.core.databinding.observable.Realm.runWithDefault(Realm.java:332)
	at org.eclipse.ui.internal.Workbench.createAndRunWorkbench(Workbench.java:668)
	at org.eclipse.ui.PlatformUI.createAndRunWorkbench(PlatformUI.java:149)
	at org.eclipse.ui.internal.ide.application.IDEApplication.start(IDEApplication.java:123)
	at org.eclipse.equinox.internal.app.EclipseAppHandle.run(EclipseAppHandle.java:196)
	at org.eclipse.core.runtime.internal.adaptor.EclipseAppLauncher.runApplication(EclipseAppLauncher.java:110)
	at org.eclipse.core.runtime.internal.adaptor.EclipseAppLauncher.start(EclipseAppLauncher.java:79)
	at org.eclipse.core.runtime.adaptor.EclipseStarter.run(EclipseStarter.java:344)
	at org.eclipse.core.runtime.adaptor.EclipseStarter.run(EclipseStarter.java:179)
	at sun.reflect.NativeMethodAccessorImpl.invoke0(Native Method)
	at sun.reflect.NativeMethodAccessorImpl.invoke(NativeMethodAccessorImpl.java:39)
	at sun.reflect.DelegatingMethodAccessorImpl.invoke(DelegatingMethodAccessorImpl.java:25)
	at java.lang.reflect.Method.invoke(Method.java:597)
	at org.eclipse.equinox.launcher.Main.invokeFramework(Main.java:622)
	at org.eclipse.equinox.launcher.Main.basicRun(Main.java:577)
	at org.eclipse.equinox.launcher.Main.run(Main.java:1410)
Caused by: java.lang.ClassNotFoundException: org.apache.log.format.Formatter
	at org.eclipse.osgi.internal.loader.BundleLoader.findClassInternal(BundleLoader.java:513)
	at org.eclipse.osgi.internal.loader.BundleLoader.findClass(BundleLoader.java:429)
	at org.eclipse.osgi.internal.loader.BundleLoader.findClass(BundleLoader.java:417)
	at org.eclipse.osgi.internal.baseadaptor.DefaultClassLoader.loadClass(DefaultClassLoader.java:107)
	at java.lang.ClassLoader.loadClass(ClassLoader.java:247)
	... 78 more
2012-07-31 19:14:15,204 - Trying to use logger class org.apache.velocity.runtime.log.Log4JLogChute
2012-07-31 19:14:15,204 - Using logger class org.apache.velocity.runtime.log.Log4JLogChute
2012-07-31 19:14:15,207 - Default ResourceManager initializing. (class org.apache.velocity.runtime.resource.ResourceManagerImpl)
2012-07-31 19:14:15,210 - ResourceLoader instantiated: org.apache.velocity.runtime.resource.loader.FileResourceLoader
2012-07-31 19:14:15,211 - Do unicode file recognition:  false
2012-07-31 19:14:15,211 - FileResourceLoader : adding path '/Users/lastcow/workspace/.metadata/.plugins/org.jboss.tools.common.projecttemplates/templates/jsf-2.0/JSFBlankWithLibs'
2012-07-31 19:14:15,226 - ResourceCache: initialized (class org.apache.velocity.runtime.resource.ResourceCacheImpl)
2012-07-31 19:14:15,227 - Loaded System Directive: org.apache.velocity.runtime.directive.Literal
2012-07-31 19:14:15,229 - Loaded System Directive: org.apache.velocity.runtime.directive.Macro
2012-07-31 19:14:15,229 - Loaded System Directive: org.apache.velocity.runtime.directive.Parse
2012-07-31 19:14:15,231 - Loaded System Directive: org.apache.velocity.runtime.directive.Include
2012-07-31 19:14:15,232 - Loaded System Directive: org.apache.velocity.runtime.directive.Foreach
2012-07-31 19:14:15,261 - Created '20' parsers.
2012-07-31 19:14:15,266 - Velocimacro : "velocimacro.library" is not set.  Trying default library: VM_global_library.vm
2012-07-31 19:14:15,266 - Velocimacro : Default library not found.
2012-07-31 19:14:15,266 - Velocimacro : allowInline = true : VMs can be defined inline in templates
2012-07-31 19:14:15,266 - Velocimacro : allowInlineToOverride = false : VMs defined inline may NOT replace previous VM definitions
2012-07-31 19:14:15,266 - Velocimacro : allowInlineLocal = false : VMs defined inline will be global in scope if allowed.
2012-07-31 19:14:15,266 - Velocimacro : autoload off : VM system will not automatically reload global library macros
2012-07-31 19:14:15,283 - Null reference [template '', line 24, column 17] : ${project.name} cannot be resolved.
2012-07-31 23:05:49,434 - Null reference [template '', line 24, column 17] : ${project.name} cannot be resolved.
2012-07-31 23:09:33,550 - Null reference [template '', line 24, column 17] : ${project.name} cannot be resolved.
2012-08-04 16:36:53,250 - Log4JLogChute initialized using file '/Users/lastcow/workspace/.metadata/.plugins/org.jboss.tools.jst.web.ui/velocity.log'
2012-08-04 16:36:53,250 - Starting Apache Velocity v1.5 (compiled: 2007-02-22 08:52:29)
2012-08-04 16:36:53,250 - Default Properties File: org/apache/velocity/runtime/defaults/velocity.properties
2012-08-04 16:36:53,250 - Trying to use logger class org.apache.velocity.runtime.log.AvalonLogChute
2012-08-04 16:36:53,251 - Couldn't find class org.apache.velocity.runtime.log.AvalonLogChute or necessary supporting classes in classpath.
java.lang.NoClassDefFoundError: org/apache/log/format/Formatter
	at java.lang.Class.forName0(Native Method)
	at java.lang.Class.forName(Class.java:247)
	at org.apache.velocity.util.ClassUtils.getClass(ClassUtils.java:63)
	at org.apache.velocity.util.ClassUtils.getNewInstance(ClassUtils.java:95)
	at org.apache.velocity.runtime.log.LogManager.createLogChute(LogManager.java:147)
	at org.apache.velocity.runtime.log.LogManager.updateLog(LogManager.java:208)
	at org.apache.velocity.runtime.RuntimeInstance.initializeLog(RuntimeInstance.java:728)
	at org.apache.velocity.runtime.RuntimeInstance.init(RuntimeInstance.java:240)
	at org.apache.velocity.runtime.RuntimeInstance.init(RuntimeInstance.java:534)
	at org.apache.velocity.runtime.RuntimeSingleton.init(RuntimeSingleton.java:227)
	at org.apache.velocity.app.Velocity.init(Velocity.java:111)
	at org.jboss.tools.jst.web.ui.operation.TemplatePreprocessor.process(TemplatePreprocessor.java:79)
	at org.jboss.tools.jst.web.ui.operation.TemplatePreprocessor.execute(TemplatePreprocessor.java:58)
	at org.jboss.tools.jst.web.ui.operation.WebNatureOperation.preprocessTemplate(WebNatureOperation.java:614)
	at org.jboss.tools.jsf.ui.operation.JSFProjectCreationOperation.copyTemplate(JSFProjectCreationOperation.java:132)
	at org.jboss.tools.jst.web.ui.operation.WebProjectCreationOperation.preCreateWebNature(WebProjectCreationOperation.java:76)
	at org.jboss.tools.jst.web.ui.operation.WebNatureOperation.run(WebNatureOperation.java:225)
	at org.eclipse.ui.actions.WorkspaceModifyDelegatingOperation.execute(WorkspaceModifyDelegatingOperation.java:69)
	at org.eclipse.ui.actions.WorkspaceModifyOperation$1.run(WorkspaceModifyOperation.java:106)
	at org.eclipse.core.internal.resources.Workspace.run(Workspace.java:2344)
	at org.eclipse.ui.actions.WorkspaceModifyOperation.run(WorkspaceModifyOperation.java:118)
	at org.eclipse.jface.operation.ModalContext.runInCurrentThread(ModalContext.java:464)
	at org.eclipse.jface.operation.ModalContext.run(ModalContext.java:372)
	at org.eclipse.jface.wizard.WizardDialog.run(WizardDialog.java:1029)
	at org.jboss.tools.jst.web.ui.wizards.project.NewWebProjectWizard.performFinish(NewWebProjectWizard.java:66)
	at org.eclipse.jface.wizard.WizardDialog.finishPressed(WizardDialog.java:827)
	at org.eclipse.jface.wizard.WizardDialog.buttonPressed(WizardDialog.java:432)
	at org.eclipse.jface.dialogs.Dialog$2.widgetSelected(Dialog.java:624)
	at org.eclipse.swt.widgets.TypedListener.handleEvent(TypedListener.java:240)
	at org.eclipse.swt.widgets.EventTable.sendEvent(EventTable.java:84)
	at org.eclipse.swt.widgets.Display.sendEvent(Display.java:4128)
	at org.eclipse.swt.widgets.Widget.sendEvent(Widget.java:1457)
	at org.eclipse.swt.widgets.Widget.sendEvent(Widget.java:1480)
	at org.eclipse.swt.widgets.Widget.sendEvent(Widget.java:1465)
	at org.eclipse.swt.widgets.Widget.notifyListeners(Widget.java:1270)
	at org.eclipse.swt.widgets.Display.runDeferredEvents(Display.java:3974)
	at org.eclipse.swt.widgets.Display.readAndDispatch(Display.java:3613)
	at org.eclipse.jface.window.Window.runEventLoop(Window.java:825)
	at org.eclipse.jface.window.Window.open(Window.java:801)
	at org.eclipse.ui.internal.handlers.WizardHandler$New.executeHandler(WizardHandler.java:257)
	at org.eclipse.ui.internal.handlers.WizardHandler.execute(WizardHandler.java:277)
	at org.eclipse.ui.internal.handlers.HandlerProxy.execute(HandlerProxy.java:293)
	at org.eclipse.core.commands.Command.executeWithChecks(Command.java:476)
	at org.eclipse.core.commands.ParameterizedCommand.executeWithChecks(ParameterizedCommand.java:508)
	at org.eclipse.ui.internal.handlers.HandlerService.executeCommand(HandlerService.java:169)
	at org.eclipse.ui.internal.handlers.SlaveHandlerService.executeCommand(SlaveHandlerService.java:241)
	at org.eclipse.ui.internal.actions.CommandAction.runWithEvent(CommandAction.java:157)
	at org.eclipse.jface.action.ActionContributionItem.handleWidgetSelection(ActionContributionItem.java:584)
	at org.eclipse.jface.action.ActionContributionItem.access$2(ActionContributionItem.java:501)
	at org.eclipse.jface.action.ActionContributionItem$5.handleEvent(ActionContributionItem.java:411)
	at org.eclipse.swt.widgets.EventTable.sendEvent(EventTable.java:84)
	at org.eclipse.swt.widgets.Display.sendEvent(Display.java:4128)
	at org.eclipse.swt.widgets.Widget.sendEvent(Widget.java:1457)
	at org.eclipse.swt.widgets.Widget.sendEvent(Widget.java:1480)
	at org.eclipse.swt.widgets.Widget.sendEvent(Widget.java:1465)
	at org.eclipse.swt.widgets.Widget.notifyListeners(Widget.java:1270)
	at org.eclipse.swt.widgets.Display.runDeferredEvents(Display.java:3974)
	at org.eclipse.swt.widgets.Display.readAndDispatch(Display.java:3613)
	at org.eclipse.ui.internal.Workbench.runEventLoop(Workbench.java:2701)
	at org.eclipse.ui.internal.Workbench.runUI(Workbench.java:2665)
	at org.eclipse.ui.internal.Workbench.access$4(Workbench.java:2499)
	at org.eclipse.ui.internal.Workbench$7.run(Workbench.java:679)
	at org.eclipse.core.databinding.observable.Realm.runWithDefault(Realm.java:332)
	at org.eclipse.ui.internal.Workbench.createAndRunWorkbench(Workbench.java:668)
	at org.eclipse.ui.PlatformUI.createAndRunWorkbench(PlatformUI.java:149)
	at org.eclipse.ui.internal.ide.application.IDEApplication.start(IDEApplication.java:123)
	at org.eclipse.equinox.internal.app.EclipseAppHandle.run(EclipseAppHandle.java:196)
	at org.eclipse.core.runtime.internal.adaptor.EclipseAppLauncher.runApplication(EclipseAppLauncher.java:110)
	at org.eclipse.core.runtime.internal.adaptor.EclipseAppLauncher.start(EclipseAppLauncher.java:79)
	at org.eclipse.core.runtime.adaptor.EclipseStarter.run(EclipseStarter.java:344)
	at org.eclipse.core.runtime.adaptor.EclipseStarter.run(EclipseStarter.java:179)
	at sun.reflect.NativeMethodAccessorImpl.invoke0(Native Method)
	at sun.reflect.NativeMethodAccessorImpl.invoke(NativeMethodAccessorImpl.java:39)
	at sun.reflect.DelegatingMethodAccessorImpl.invoke(DelegatingMethodAccessorImpl.java:25)
	at java.lang.reflect.Method.invoke(Method.java:597)
	at org.eclipse.equinox.launcher.Main.invokeFramework(Main.java:622)
	at org.eclipse.equinox.launcher.Main.basicRun(Main.java:577)
	at org.eclipse.equinox.launcher.Main.run(Main.java:1410)
Caused by: java.lang.ClassNotFoundException: org.apache.log.format.Formatter
	at org.eclipse.osgi.internal.loader.BundleLoader.findClassInternal(BundleLoader.java:513)
	at org.eclipse.osgi.internal.loader.BundleLoader.findClass(BundleLoader.java:429)
	at org.eclipse.osgi.internal.loader.BundleLoader.findClass(BundleLoader.java:417)
	at org.eclipse.osgi.internal.baseadaptor.DefaultClassLoader.loadClass(DefaultClassLoader.java:107)
	at java.lang.ClassLoader.loadClass(ClassLoader.java:247)
	... 78 more
2012-08-04 16:36:53,253 - Trying to use logger class org.apache.velocity.runtime.log.Log4JLogChute
2012-08-04 16:36:53,253 - Using logger class org.apache.velocity.runtime.log.Log4JLogChute
2012-08-04 16:36:53,255 - Default ResourceManager initializing. (class org.apache.velocity.runtime.resource.ResourceManagerImpl)
2012-08-04 16:36:53,258 - ResourceLoader instantiated: org.apache.velocity.runtime.resource.loader.FileResourceLoader
2012-08-04 16:36:53,259 - Do unicode file recognition:  false
2012-08-04 16:36:53,259 - FileResourceLoader : adding path '/Users/lastcow/workspace/.metadata/.plugins/org.jboss.tools.common.projecttemplates/templates/jsf-2.0/JSFKickStartWithoutLibs'
2012-08-04 16:36:53,273 - ResourceCache: initialized (class org.apache.velocity.runtime.resource.ResourceCacheImpl)
2012-08-04 16:36:53,275 - Loaded System Directive: org.apache.velocity.runtime.directive.Literal
2012-08-04 16:36:53,276 - Loaded System Directive: org.apache.velocity.runtime.directive.Macro
2012-08-04 16:36:53,277 - Loaded System Directive: org.apache.velocity.runtime.directive.Parse
2012-08-04 16:36:53,278 - Loaded System Directive: org.apache.velocity.runtime.directive.Include
2012-08-04 16:36:53,279 - Loaded System Directive: org.apache.velocity.runtime.directive.Foreach
2012-08-04 16:36:53,305 - Created '20' parsers.
2012-08-04 16:36:53,310 - Velocimacro : "velocimacro.library" is not set.  Trying default library: VM_global_library.vm
2012-08-04 16:36:53,310 - Velocimacro : Default library not found.
2012-08-04 16:36:53,310 - Velocimacro : allowInline = true : VMs can be defined inline in templates
2012-08-04 16:36:53,310 - Velocimacro : allowInlineToOverride = false : VMs defined inline may NOT replace previous VM definitions
2012-08-04 16:36:53,310 - Velocimacro : allowInlineLocal = false : VMs defined inline will be global in scope if allowed.
2012-08-04 16:36:53,310 - Velocimacro : autoload off : VM system will not automatically reload global library macros
2012-08-04 16:36:53,324 - Null reference [template '', line 24, column 17] : ${project.name} cannot be resolved.
